
------------------------------------------------------------------------------------------------------------------------
!TASK: Migrating from source-tool 'ARM Compiler' (com.ti.ccstudio.buildDefinitions.TMS470_18.12.exe.compilerDebug.1433492014) ... [Thu Feb 19 20:37:42 BRT 2026]

	!CONFIGURATION: 'Debug' (com.ti.ccstudio.buildDefinitions.TMS470.Debug.1663147856)

		!TOOL: 'Arm Compiler' (com.ti.ccstudio.buildDefinitions.TMS470_TICLANG_4.0.exe.compilerDebug.347100111)

			!ERROR: java.io.IOException: Cannot run program "" (in directory "F:\Backup Notebook\Ouroboros Embedded Education\YouTube\YT - Firmware\blinky\Debug"): CreateProcess error=87, Parâmetro incorreto
				at java.base/java.lang.ProcessBuilder.start(Unknown Source)
				at java.base/java.lang.ProcessBuilder.start(Unknown Source)
				at java.base/java.lang.Runtime.exec(Unknown Source)
				at com.ti.ccs.project.initializer.ConfigurationInitializer.getCanonicalizedToolSettings(ConfigurationInitializer.java:2129)
				at com.ti.ccs.project.initializer.ConfigurationInitializer.migrateBuildOptions(ConfigurationInitializer.java:1654)
				at com.ti.ccs.project.initializer.ConfigurationInitializer.doCopyBuildOptions(ConfigurationInitializer.java:1300)
				at com.ti.ccs.project.initializer.ConfigurationInitializer.copyBuildOptions(ConfigurationInitializer.java:430)
				at com.ti.ccs.project.initializer.ConfigurationInitializer.internalCopyBuildOptions(ConfigurationInitializer.java:1223)
				at com.ti.ccs.project.initializer.ConfigurationInitializer.internalInitializeBuildOptions(ConfigurationInitializer.java:882)
				at com.ti.ccs.project.initializer.ConfigurationInitializer.initializeFromExisting(ConfigurationInitializer.java:286)
				at com.ti.ccs.project.services.ProjectModifier$1.run(ProjectModifier.java:1246)
				at org.eclipse.core.internal.resources.Workspace.run(Workspace.java:2380)
				at org.eclipse.core.internal.resources.Workspace.run(Workspace.java:2405)
				at com.ti.ccs.project.services.ProjectModifier.modifyCCSProject(ProjectModifier.java:1208)
				at com.ti.ccs.project.services.ProjectModifier.modifyCCSProject(ProjectModifier.java:1166)
				at com.ti.ccs.server.handlers.ProjectPropertiesHandler.cmd_modifyProjectProperties_end(ProjectPropertiesHandler.java:1602)
				at com.ti.ccs.server.handlers.ProjectPropertiesHandler$14.handle(ProjectPropertiesHandler.java:606)
				at com.ti.ccs.server.events.IServerRequestHandler$Impl.handle(IServerRequestHandler.java:34)
				at com.ti.ccs.server.CCSServer$RequestHandlerJob.run(CCSServer.java:174)
				at org.eclipse.core.internal.jobs.Worker.run(Worker.java:63)
			Caused by: java.io.IOException: CreateProcess error=87, Parâmetro incorreto
				at java.base/java.lang.ProcessImpl.create(Native Method)
				at java.base/java.lang.ProcessImpl.<init>(Unknown Source)
				at java.base/java.lang.ProcessImpl.start(Unknown Source)
				... 20 more
			

!END_TASK: [Thu Feb 19 20:37:42 BRT 2026]

